<?xml version="1.0" encoding="UTF-8"?>
<!-- Generated by org.testng.reporters.JUnitXMLReporter -->
<testsuite hostname="LAPTOP-MM50KITP" ignored="0" name="Default test" tests="6" failures="0" timestamp="17 Jul 2022 11:48:46 GMT" time="19.033" errors="0">
  <testcase name="Login_output" time="5.306" classname="com.test.OMRBranchClub"/>
  <testcase name="addAddress" time="2.817" classname="com.test.OMRBranchClub"/>
  <testcase name="updateaddress" time="2.249" classname="com.test.OMRBranchClub"/>
  <testcase name="deleteAddress" time="3.066" classname="com.test.OMRBranchClub"/>
  <testcase name="getAddress" time="2.678" classname="com.test.OMRBranchClub"/>
  <testcase name="changeProfilePic" time="2.846" classname="com.test.OMRBranchClub"/>
</testsuite> <!-- Default test -->
